<?xml version="1.0" encoding="UTF-8"?>
<!-- Generated by org.testng.reporters.JUnitReportReporter -->
<testsuite skipped="0" hostname="LHTU05CG4472DYW" name="com.cet.indts.UserAdministratorTest" tests="11" failures="0" timestamp="2020-12-17T13:12:08 IST" time="322.592" errors="0">
  <testcase name="verifyUserAdministratorLabel" time="29.621" classname="com.cet.indts.UserAdministratorTest"/>
  <testcase name="verifyUserAdministratorFieldEnabled" time="66.346" classname="com.cet.indts.UserAdministratorTest"/>
  <testcase name="verifyRestBtnFun" time="69.741" classname="com.cet.indts.UserAdministratorTest"/>
  <testcase name="verifyMsIdSearch" time="28.174" classname="com.cet.indts.UserAdministratorTest"/>
  <testcase name="verifyFNameSearch" time="24.346" classname="com.cet.indts.UserAdministratorTest"/>
  <testcase name="verifyLNameSearch" time="23.539" classname="com.cet.indts.UserAdministratorTest"/>
  <testcase name="verifyEmpIdSearch" time="25.033" classname="com.cet.indts.UserAdministratorTest"/>
  <testcase name="verifySupervisor" time="15.425" classname="com.cet.indts.UserAdministratorTest"/>
  <testcase name="verifyNoDataFoundText" time="19.928" classname="com.cet.indts.UserAdministratorTest"/>
  <testcase name="verifyAddUserBtnNavigation" time="13.119" classname="com.cet.indts.UserAdministratorTest"/>
  <testcase name="verifyCancelBtnNavigation" time="7.320" classname="com.cet.indts.UserAdministratorTest"/>
</testsuite> <!-- com.cet.indts.UserAdministratorTest -->
