<?xml version="1.0" encoding="UTF-8"?>
<!-- Generated by org.testng.reporters.JUnitReportReporter -->
<testsuite skipped="0" hostname="LHTU05CG4472DYW" name="com.cet.phd.PhdHomeSkillOnlyNotAssigned_Test" tests="8" failures="0" timestamp="2020-12-18T16:16:49 IST" time="77.180" errors="0">
  <testcase name="englishSkillCount_OnlyNotAssigned_Test" time="7.462" classname="com.cet.phd.PhdHomeSkillOnlyNotAssigned_Test"/>
  <testcase name="koreanSkillCount_OnlyNotAssigned_Test" time="7.980" classname="com.cet.phd.PhdHomeSkillOnlyNotAssigned_Test"/>
  <testcase name="cantoneseSkillCount_OnlyNotAssigned_Test" time="6.981" classname="com.cet.phd.PhdHomeSkillOnlyNotAssigned_Test"/>
  <testcase name="frenchSkillCount_OnlyNotAssigned_Test" time="8.158" classname="com.cet.phd.PhdHomeSkillOnlyNotAssigned_Test"/>
  <testcase name="mandarinSkillCount_OnlyNotAssigned_Test" time="24.281" classname="com.cet.phd.PhdHomeSkillOnlyNotAssigned_Test"/>
  <testcase name="vietnameseSkillCount_OnlyNotAssigned_Test" time="6.831" classname="com.cet.phd.PhdHomeSkillOnlyNotAssigned_Test"/>
  <testcase name="spanishSkillCount_OnlyNotAssigned_Test" time="7.603" classname="com.cet.phd.PhdHomeSkillOnlyNotAssigned_Test"/>
  <testcase name="tagalogSkillCount_OnlyNotAssigned_Test" time="7.884" classname="com.cet.phd.PhdHomeSkillOnlyNotAssigned_Test"/>
</testsuite> <!-- com.cet.phd.PhdHomeSkillOnlyNotAssigned_Test -->
