<?xml version="1.0" encoding="UTF-8"?>
<!-- Generated by org.testng.reporters.JUnitReportReporter -->
<testsuite skipped="0" hostname="LHTU05CG4472DYW" name="com.cet.retention.RetentionSearchEditTestCases" tests="3" failures="0" timestamp="2020-12-15T13:46:56 IST" time="161.402" errors="0">
  <testcase name="defaultValues" time="65.528" classname="com.cet.retention.RetentionSearchEditTestCases"/>
  <testcase name="verifyFieldStatus" time="13.142" classname="com.cet.retention.RetentionSearchEditTestCases"/>
  <testcase name="selectDispostion" time="82.732" classname="com.cet.retention.RetentionSearchEditTestCases"/>
</testsuite> <!-- com.cet.retention.RetentionSearchEditTestCases -->
