<?xml version="1.0" encoding="UTF-8"?>
<!-- Generated by org.testng.reporters.JUnitReportReporter -->
<testsuite skipped="0" hostname="LHTU05CG4472DYW" name="com.cet.INDTSNextAdditionalHouseHold_Test" tests="6" failures="0" timestamp="2020-12-15T20:22:19 IST" time="4.149" errors="0">
  <testcase name="nextAdditionalHouseHoldMembersFirstName_INDTSTest" time="0.010" classname="com.cet.INDTSNextAdditionalHouseHold_Test"/>
  <testcase name="nextAdditionalHouseHoldMembersFirstName_INDTSTest" time="0.992" classname="com.cet.INDTSNextAdditionalHouseHold_Test"/>
  <testcase name="nextAdditionalHouseHoldMembersFirstName_INDTSTest" time="1.128" classname="com.cet.INDTSNextAdditionalHouseHold_Test"/>
  <testcase name="nextAdditionalHouseHoldMembersLastName_INDTSTest" time="1.008" classname="com.cet.INDTSNextAdditionalHouseHold_Test"/>
  <testcase name="nextAdditionalHouseHoldMembersLastName_INDTSTest" time="0.998" classname="com.cet.INDTSNextAdditionalHouseHold_Test"/>
  <testcase name="nextAdditionalHouseHoldMembersLastName_INDTSTest" time="0.013" classname="com.cet.INDTSNextAdditionalHouseHold_Test"/>
</testsuite> <!-- com.cet.INDTSNextAdditionalHouseHold_Test -->
