<?xml version="1.0" encoding="UTF-8"?>
<!-- Generated by org.testng.reporters.JUnitReportReporter -->
<testsuite skipped="0" hostname="LHTU05CG4472DYW" name="com.cet.retention.RetentionHomeSkillOnlyNotAssignedTestCases" tests="6" failures="0" timestamp="2020-12-15T13:46:56 IST" time="35.004" errors="0">
  <testcase name="englishSkillCount_OnlyNotAssigned_Test" time="6.337" classname="com.cet.retention.RetentionHomeSkillOnlyNotAssignedTestCases"/>
  <testcase name="koreanSkillCount_OnlyNotAssigned_Test" time="5.861" classname="com.cet.retention.RetentionHomeSkillOnlyNotAssignedTestCases"/>
  <testcase name="chineseSkillCount_OnlyNotAssigned_Test" time="5.703" classname="com.cet.retention.RetentionHomeSkillOnlyNotAssignedTestCases"/>
  <testcase name="vietnameseSkillCount_OnlyNotAssigned_Test" time="6.494" classname="com.cet.retention.RetentionHomeSkillOnlyNotAssignedTestCases"/>
  <testcase name="spanishSkillCount_OnlyNotAssigned_Test" time="5.629" classname="com.cet.retention.RetentionHomeSkillOnlyNotAssignedTestCases"/>
  <testcase name="russianSkillCount_OnlyNotAssigned_Test" time="4.980" classname="com.cet.retention.RetentionHomeSkillOnlyNotAssignedTestCases"/>
</testsuite> <!-- com.cet.retention.RetentionHomeSkillOnlyNotAssignedTestCases -->
