<?xml version="1.0" encoding="UTF-8"?>
<!-- Generated by org.testng.reporters.JUnitReportReporter -->
<testsuite skipped="0" hostname="LHTU05CG4472DYW" name="com.cet.retention.RetentionSearchTestCases" tests="13" failures="0" timestamp="2020-12-15T13:46:57 IST" time="257.387" errors="0">
  <testcase name="searchPageDefaultValue" time="53.530" classname="com.cet.retention.RetentionSearchTestCases"/>
  <testcase name="searchByMBI" time="55.886" classname="com.cet.retention.RetentionSearchTestCases"/>
  <testcase name="searchByCampaignFocus" time="11.190" classname="com.cet.retention.RetentionSearchTestCases"/>
  <testcase name="searchByTaskStatus" time="11.293" classname="com.cet.retention.RetentionSearchTestCases"/>
  <testcase name="searchByJobName" time="10.046" classname="com.cet.retention.RetentionSearchTestCases"/>
  <testcase name="searchByMemberFirstName" time="10.118" classname="com.cet.retention.RetentionSearchTestCases"/>
  <testcase name="searchByMemberLastName" time="9.308" classname="com.cet.retention.RetentionSearchTestCases"/>
  <testcase name="searchByPhoneNumber" time="10.874" classname="com.cet.retention.RetentionSearchTestCases"/>
  <testcase name="searchByDateFrom" time="9.527" classname="com.cet.retention.RetentionSearchTestCases"/>
  <testcase name="searchByDateTo" time="9.451" classname="com.cet.retention.RetentionSearchTestCases"/>
  <testcase name="searchByAgentName" time="9.463" classname="com.cet.retention.RetentionSearchTestCases"/>
  <testcase name="searchByAllfield" time="49.818" classname="com.cet.retention.RetentionSearchTestCases"/>
  <testcase name="invalidSearch" time="6.883" classname="com.cet.retention.RetentionSearchTestCases"/>
</testsuite> <!-- com.cet.retention.RetentionSearchTestCases -->
