<?xml version="1.0" encoding="UTF-8"?>
<!-- Generated by org.testng.reporters.JUnitReportReporter -->
<testsuite skipped="0" hostname="LHTU05CG4472DYW" name="com.cet.phd.PhdHomeSkillAssigned_Test" tests="8" failures="0" timestamp="2020-12-18T16:16:49 IST" time="68.414" errors="0">
  <testcase name="englishSkillCount_Test" time="9.049" classname="com.cet.phd.PhdHomeSkillAssigned_Test"/>
  <testcase name="koreanSkillCount_Test" time="8.351" classname="com.cet.phd.PhdHomeSkillAssigned_Test"/>
  <testcase name="cantoneseSkillCount_Test" time="8.511" classname="com.cet.phd.PhdHomeSkillAssigned_Test"/>
  <testcase name="frenchSkillCount_Test" time="7.579" classname="com.cet.phd.PhdHomeSkillAssigned_Test"/>
  <testcase name="mandarinSkillCount_Test" time="9.103" classname="com.cet.phd.PhdHomeSkillAssigned_Test"/>
  <testcase name="vietnameseSkillCount_Test" time="9.062" classname="com.cet.phd.PhdHomeSkillAssigned_Test"/>
  <testcase name="spanishSkillCount_Test" time="8.594" classname="com.cet.phd.PhdHomeSkillAssigned_Test"/>
  <testcase name="tagalogSkillCount_Test" time="8.165" classname="com.cet.phd.PhdHomeSkillAssigned_Test"/>
</testsuite> <!-- com.cet.phd.PhdHomeSkillAssigned_Test -->
