<?xml version="1.0" encoding="UTF-8"?>
<!-- Generated by org.testng.reporters.JUnitReportReporter -->
<testsuite skipped="0" hostname="LHTU05CG4472DYW" name="com.cet.phd.PhdHome_Test" tests="30" failures="0" timestamp="2020-12-18T16:16:50 IST" time="120.158" errors="0">
  <testcase name="nextScheduledTableHeader_Test" time="1.730" classname="com.cet.phd.PhdHome_Test"/>
  <testcase name="nextScheduledTableHeader_Test" time="1.368" classname="com.cet.phd.PhdHome_Test"/>
  <testcase name="nextScheduledTableHeader_Test" time="1.496" classname="com.cet.phd.PhdHome_Test"/>
  <testcase name="nextScheduledTableHeader_Test" time="1.714" classname="com.cet.phd.PhdHome_Test"/>
  <testcase name="nextScheduledTableHeader_Test" time="1.315" classname="com.cet.phd.PhdHome_Test"/>
  <testcase name="homeJobName_Test" time="1.470" classname="com.cet.phd.PhdHome_Test"/>
  <testcase name="homeJobName_Test" time="1.526" classname="com.cet.phd.PhdHome_Test"/>
  <testcase name="homeJobName_Test" time="5.031" classname="com.cet.phd.PhdHome_Test"/>
  <testcase name="homeJobName_Test" time="2.877" classname="com.cet.phd.PhdHome_Test"/>
  <testcase name="homeJobName_Test" time="1.629" classname="com.cet.phd.PhdHome_Test"/>
  <testcase name="homeTaskType_Test" time="1.444" classname="com.cet.phd.PhdHome_Test"/>
  <testcase name="homeTaskType_Test" time="1.472" classname="com.cet.phd.PhdHome_Test"/>
  <testcase name="homeTaskType_Test" time="1.507" classname="com.cet.phd.PhdHome_Test"/>
  <testcase name="homeTaskType_Test" time="4.577" classname="com.cet.phd.PhdHome_Test"/>
  <testcase name="homeTaskType_Test" time="1.862" classname="com.cet.phd.PhdHome_Test"/>
  <testcase name="homeScheduledDate_Test" time="1.621" classname="com.cet.phd.PhdHome_Test"/>
  <testcase name="homeScheduledDate_Test" time="2.674" classname="com.cet.phd.PhdHome_Test"/>
  <testcase name="homeScheduledDate_Test" time="1.372" classname="com.cet.phd.PhdHome_Test"/>
  <testcase name="homeScheduledDate_Test" time="1.591" classname="com.cet.phd.PhdHome_Test"/>
  <testcase name="homeScheduledDate_Test" time="1.425" classname="com.cet.phd.PhdHome_Test"/>
  <testcase name="homeLastAttempttDate_Test" time="2.818" classname="com.cet.phd.PhdHome_Test"/>
  <testcase name="homeLastAttempttDate_Test" time="2.963" classname="com.cet.phd.PhdHome_Test"/>
  <testcase name="homeLastAttempttDate_Test" time="4.575" classname="com.cet.phd.PhdHome_Test"/>
  <testcase name="homeLastAttempttDate_Test" time="5.134" classname="com.cet.phd.PhdHome_Test"/>
  <testcase name="homeLastAttempttDate_Test" time="54.872" classname="com.cet.phd.PhdHome_Test"/>
  <testcase name="homeAttemptCount_Test" time="1.413" classname="com.cet.phd.PhdHome_Test"/>
  <testcase name="homeAttemptCount_Test" time="2.068" classname="com.cet.phd.PhdHome_Test"/>
  <testcase name="homeAttemptCount_Test" time="3.500" classname="com.cet.phd.PhdHome_Test"/>
  <testcase name="homeAttemptCount_Test" time="1.407" classname="com.cet.phd.PhdHome_Test"/>
  <testcase name="homeAttemptCount_Test" time="1.707" classname="com.cet.phd.PhdHome_Test"/>
</testsuite> <!-- com.cet.phd.PhdHome_Test -->
