<?xml version="1.0" encoding="UTF-8"?>
<!-- Generated by org.testng.reporters.JUnitReportReporter -->
<testsuite skipped="5" hostname="LHTU05CG4472DYW" name="com.cet.indts.SearchViewTest" tests="6" failures="0" timestamp="2020-12-16T12:51:15 IST" time="5.034" errors="1">
  <testcase name="getinit" time="5.034" classname="com.cet.indts.SearchViewTest">
    <error type="com.microsoft.sqlserver.jdbc.SQLServerException" message="The index 36 is out of range.">
      <![CDATA[com.microsoft.sqlserver.jdbc.SQLServerException: The index 36 is out of range.
at com.microsoft.sqlserver.jdbc.SQLServerException.makeFromDriverError(SQLServerException.java:234)
at com.microsoft.sqlserver.jdbc.SQLServerResultSet.verifyValidColumnIndex(SQLServerResultSet.java:570)
at com.microsoft.sqlserver.jdbc.SQLServerResultSet.getterGetColumn(SQLServerResultSet.java:2012)
at com.microsoft.sqlserver.jdbc.SQLServerResultSet.getValue(SQLServerResultSet.java:2041)
at com.microsoft.sqlserver.jdbc.SQLServerResultSet.getValue(SQLServerResultSet.java:2027)
at com.microsoft.sqlserver.jdbc.SQLServerResultSet.getString(SQLServerResultSet.java:2489)
at com.cet.utility.indts.WriteExcel.indtstaskEdit(WriteExcel.java:217)
at com.cet.utility.indts.GetDataFromExcel.indtsedit(GetDataFromExcel.java:59)
at com.cet.indts.SearchViewTest.getinit(SearchViewTest.java:20)
at sun.reflect.NativeMethodAccessorImpl.invoke0(Native Method)
at sun.reflect.NativeMethodAccessorImpl.invoke(Unknown Source)
at sun.reflect.DelegatingMethodAccessorImpl.invoke(Unknown Source)
at java.lang.reflect.Method.invoke(Unknown Source)
at org.testng.internal.MethodInvocationHelper.invokeMethod(MethodInvocationHelper.java:133)
at org.testng.internal.MethodInvocationHelper.invokeMethodConsideringTimeout(MethodInvocationHelper.java:62)
at org.testng.internal.ConfigInvoker.invokeConfigurationMethod(ConfigInvoker.java:340)
at org.testng.internal.ConfigInvoker.invokeConfigurations(ConfigInvoker.java:294)
at org.testng.internal.TestMethodWorker.invokeBeforeClassMethods(TestMethodWorker.java:176)
at org.testng.internal.TestMethodWorker.run(TestMethodWorker.java:122)
at java.util.ArrayList.forEach(Unknown Source)
at org.testng.TestRunner.privateRun(TestRunner.java:770)
at org.testng.TestRunner.run(TestRunner.java:591)
at org.testng.SuiteRunner.runTest(SuiteRunner.java:402)
at org.testng.SuiteRunner.runSequentially(SuiteRunner.java:396)
at org.testng.SuiteRunner.privateRun(SuiteRunner.java:355)
at org.testng.SuiteRunner.run(SuiteRunner.java:304)
at org.testng.SuiteRunnerWorker.runSuite(SuiteRunnerWorker.java:53)
at org.testng.SuiteRunnerWorker.run(SuiteRunnerWorker.java:96)
at org.testng.TestNG.runSuitesSequentially(TestNG.java:1180)
at org.testng.TestNG.runSuitesLocally(TestNG.java:1102)
at org.testng.TestNG.runSuites(TestNG.java:1032)
at org.testng.TestNG.run(TestNG.java:1000)
at org.testng.remote.AbstractRemoteTestNG.run(AbstractRemoteTestNG.java:115)
at org.testng.remote.RemoteTestNG.initAndRun(RemoteTestNG.java:251)
at org.testng.remote.RemoteTestNG.main(RemoteTestNG.java:77)
]]>
    </error>
  </testcase> <!-- getinit -->
  <testcase name="verifyTitle" time="0.000" classname="com.cet.indts.SearchViewTest">
    <skipped/>
  </testcase> <!-- verifyTitle -->
  <testcase name="verifyPageTitle" time="0.000" classname="com.cet.indts.SearchViewTest">
    <skipped/>
  </testcase> <!-- verifyPageTitle -->
  <testcase name="verifylabelSearch" time="0.000" classname="com.cet.indts.SearchViewTest">
    <skipped/>
  </testcase> <!-- verifylabelSearch -->
  <testcase name="verifyBconnID" time="0.000" classname="com.cet.indts.SearchViewTest">
    <skipped/>
  </testcase> <!-- verifyBconnID -->
  <testcase name="verifyTaskViewFields" time="0.000" classname="com.cet.indts.SearchViewTest">
    <skipped/>
  </testcase> <!-- verifyTaskViewFields -->
</testsuite> <!-- com.cet.indts.SearchViewTest -->
