<?xml version="1.0" encoding="UTF-8"?>
<!-- Generated by org.testng.reporters.JUnitReportReporter -->
<testsuite skipped="0" hostname="LHTU05CG4472DYW" name="com.cet.retention.RetentionAssignmentTestCases" tests="14" failures="0" timestamp="2020-12-15T13:46:55 IST" time="355.006" errors="0">
  <testcase name="retentionPageDefaultValue" time="44.727" classname="com.cet.retention.RetentionAssignmentTestCases"/>
  <testcase name="searchbyTaskID" time="54.418" classname="com.cet.retention.RetentionAssignmentTestCases"/>
  <testcase name="searchByCampaignFocus" time="17.303" classname="com.cet.retention.RetentionAssignmentTestCases"/>
  <testcase name="searchByTaskStatus" time="17.677" classname="com.cet.retention.RetentionAssignmentTestCases"/>
  <testcase name="searchByJobName" time="18.069" classname="com.cet.retention.RetentionAssignmentTestCases"/>
  <testcase name="searchByDialingMethod" time="18.286" classname="com.cet.retention.RetentionAssignmentTestCases"/>
  <testcase name="searchByDateFrom" time="15.457" classname="com.cet.retention.RetentionAssignmentTestCases"/>
  <testcase name="searchByDateTo" time="16.195" classname="com.cet.retention.RetentionAssignmentTestCases"/>
  <testcase name="searchByAgentName" time="13.802" classname="com.cet.retention.RetentionAssignmentTestCases"/>
  <testcase name="searchBySupervisor" time="9.875" classname="com.cet.retention.RetentionAssignmentTestCases"/>
  <testcase name="verifyErrorMsgFromlessthanTo" time="16.492" classname="com.cet.retention.RetentionAssignmentTestCases"/>
  <testcase name="verifyRequiredFieldErrorText" time="6.821" classname="com.cet.retention.RetentionAssignmentTestCases"/>
  <testcase name="assignOneTask" time="44.830" classname="com.cet.retention.RetentionAssignmentTestCases"/>
  <testcase name="assignMultipleTask" time="61.054" classname="com.cet.retention.RetentionAssignmentTestCases"/>
</testsuite> <!-- com.cet.retention.RetentionAssignmentTestCases -->
