<?xml version="1.0" encoding="UTF-8"?>
<!-- Generated by org.testng.reporters.JUnitReportReporter -->
<testsuite skipped="0" hostname="LHTU05CG4472DYW" name="com.cet.INDTSAdditionalHouseHold_Test" tests="9" failures="0" timestamp="2020-12-15T20:22:19 IST" time="31.227" errors="0">
  <testcase name="additionalHouseHoldMembersCount_INDTSTest" time="0.016" classname="com.cet.INDTSAdditionalHouseHold_Test"/>
  <testcase name="additionalHouseHoldMembersCount_INDTSTest" time="1.816" classname="com.cet.INDTSAdditionalHouseHold_Test"/>
  <testcase name="additionalHouseHoldMembersCount_INDTSTest" time="0.014" classname="com.cet.INDTSAdditionalHouseHold_Test"/>
  <testcase name="additionalHouseHoldMembersFirstName_INDTSTest" time="22.364" classname="com.cet.INDTSAdditionalHouseHold_Test"/>
  <testcase name="additionalHouseHoldMembersFirstName_INDTSTest" time="1.640" classname="com.cet.INDTSAdditionalHouseHold_Test"/>
  <testcase name="additionalHouseHoldMembersFirstName_INDTSTest" time="1.300" classname="com.cet.INDTSAdditionalHouseHold_Test"/>
  <testcase name="additionalHouseHoldMembersLasttName_INDTSTest" time="1.206" classname="com.cet.INDTSAdditionalHouseHold_Test"/>
  <testcase name="additionalHouseHoldMembersLasttName_INDTSTest" time="1.289" classname="com.cet.INDTSAdditionalHouseHold_Test"/>
  <testcase name="additionalHouseHoldMembersLasttName_INDTSTest" time="1.582" classname="com.cet.INDTSAdditionalHouseHold_Test"/>
</testsuite> <!-- com.cet.INDTSAdditionalHouseHold_Test -->
