<?xml version="1.0" encoding="UTF-8"?>
<!-- Generated by org.testng.reporters.JUnitReportReporter -->
<testsuite skipped="0" hostname="LHTU05CG4472DYW" name="com.cet.GPRTS_AdditionalHouseHold_Test" tests="9" failures="0" timestamp="2020-12-13T23:13:55 IST" time="39.976" errors="0">
  <testcase name="additionalHouseHoldMembersCount_GPRTSTest" time="0.001" classname="com.cet.GPRTS_AdditionalHouseHold_Test"/>
  <testcase name="additionalHouseHoldMembersCount_GPRTSTest" time="8.947" classname="com.cet.GPRTS_AdditionalHouseHold_Test"/>
  <testcase name="additionalHouseHoldMembersCount_GPRTSTest" time="0.001" classname="com.cet.GPRTS_AdditionalHouseHold_Test"/>
  <testcase name="additionalHouseHoldMembersFirstName_GPRTSTest" time="1.244" classname="com.cet.GPRTS_AdditionalHouseHold_Test"/>
  <testcase name="additionalHouseHoldMembersFirstName_GPRTSTest" time="1.198" classname="com.cet.GPRTS_AdditionalHouseHold_Test"/>
  <testcase name="additionalHouseHoldMembersFirstName_GPRTSTest" time="2.404" classname="com.cet.GPRTS_AdditionalHouseHold_Test"/>
  <testcase name="additionalHouseHoldMembersLasttName_GPRTSTest" time="23.732" classname="com.cet.GPRTS_AdditionalHouseHold_Test"/>
  <testcase name="additionalHouseHoldMembersLasttName_GPRTSTest" time="1.196" classname="com.cet.GPRTS_AdditionalHouseHold_Test"/>
  <testcase name="additionalHouseHoldMembersLasttName_GPRTSTest" time="1.253" classname="com.cet.GPRTS_AdditionalHouseHold_Test"/>
</testsuite> <!-- com.cet.GPRTS_AdditionalHouseHold_Test -->
