<?xml version="1.0" encoding="UTF-8"?>
<!-- Generated by org.testng.reporters.JUnitReportReporter -->
<testsuite skipped="0" hostname="LHTU05CG7401NRT" name="com.cet.ViewUserTest" tests="1" failures="0" timestamp="2020-09-21T18:31:00 IST" time="15.117" errors="0">
  <testcase name="verifyInputSupervisor" time="15.117" classname="com.cet.ViewUserTest"/>
  <system-out/>
</testsuite> <!-- com.cet.ViewUserTest -->
