<?xml version="1.0" encoding="UTF-8"?>
<!-- Generated by org.testng.reporters.JUnitReportReporter -->
<testsuite skipped="0" hostname="LHTU05CG7401NRT" name="com.cet.utility.WriteExcel" tests="1" failures="0" timestamp="2020-10-06T17:09:09 IST" time="5.013" errors="0">
  <testcase name="getEnglishUnchekedMsID" time="5.013" classname="com.cet.utility.WriteExcel"/>
  <system-out/>
</testsuite> <!-- com.cet.utility.WriteExcel -->
