<?xml version="1.0" encoding="UTF-8"?>
<!-- Generated by org.testng.reporters.JUnitReportReporter -->
<testsuite skipped="0" hostname="LHTU05CG7401NRT" name="com.cet.UserAdminViewUserTest" tests="5" failures="0" timestamp="2020-10-07T16:32:43 IST" time="83.278" errors="0">
  <testcase name="verifyFieldEnabledstatus" time="19.170" classname="com.cet.UserAdminViewUserTest"/>
  <system-out/>
  <testcase name="verifyValueWithDB" time="18.814" classname="com.cet.UserAdminViewUserTest"/>
  <system-out/>
  <testcase name="verifyLabelsOnViewUser" time="40.473" classname="com.cet.UserAdminViewUserTest"/>
  <system-out/>
  <testcase name="verifyTitle" time="0.110" classname="com.cet.UserAdminViewUserTest"/>
  <system-out/>
  <testcase name="verifyViewCancelBtnNavigation" time="4.711" classname="com.cet.UserAdminViewUserTest"/>
  <system-out/>
</testsuite> <!-- com.cet.UserAdminViewUserTest -->
