<?xml version="1.0" encoding="UTF-8"?>
<!-- Generated by org.testng.reporters.JUnitReportReporter -->
<testsuite skipped="0" hostname="LHTU05CG4472DYW" name="com.cet.phd.PhpAssignmet_Test" tests="12" failures="0" timestamp="2020-12-13T23:13:55 IST" time="254.655" errors="0">
  <testcase name="taskIDSearch_Assignment_PHD_Test" time="26.231" classname="com.cet.phd.PhpAssignmet_Test"/>
  <testcase name="actionButtonEnabled_Assignment_PHD_Test" time="0.777" classname="com.cet.phd.PhpAssignmet_Test"/>
  <testcase name="actionButtonDefaultNotSelected_Assignment_PHD_Test" time="0.755" classname="com.cet.phd.PhpAssignmet_Test"/>
  <testcase name="campaignFocusSearch_Assignment_PHD_Test" time="31.818" classname="com.cet.phd.PhpAssignmet_Test"/>
  <testcase name="taskStatusSearch_Assignment_PHD_Test" time="28.809" classname="com.cet.phd.PhpAssignmet_Test"/>
  <testcase name="jobNameSearch_Assignment_PHD_Test" time="73.449" classname="com.cet.phd.PhpAssignmet_Test"/>
  <testcase name="fullSearch_Assignment_PHD_Test" time="33.913" classname="com.cet.phd.PhpAssignmet_Test"/>
  <testcase name="assignButtonEnabled_Assignment_PHD_Test" time="2.276" classname="com.cet.phd.PhpAssignmet_Test"/>
  <testcase name="loggedInUser_Assignment_PHD_Test" time="7.172" classname="com.cet.phd.PhpAssignmet_Test"/>
  <testcase name="alertVerify_Assignment_PHD_Test" time="4.471" classname="com.cet.phd.PhpAssignmet_Test"/>
  <testcase name="db_Assignmet_PHD_Test" time="28.904" classname="com.cet.phd.PhpAssignmet_Test"/>
  <testcase name="invalidSearch_Assignment_PHD_Test" time="16.080" classname="com.cet.phd.PhpAssignmet_Test"/>
</testsuite> <!-- com.cet.phd.PhpAssignmet_Test -->
