<?xml version="1.0" encoding="UTF-8"?>
<!-- Generated by org.testng.reporters.JUnitReportReporter -->
<testsuite skipped="0" hostname="LHTU05CG7401NRT" name="com.cet.UserAdministratorTest" tests="11" failures="0" timestamp="2020-10-07T16:32:43 IST" time="148.992" errors="0">
  <testcase name="verifyUserAdministratorLabel" time="29.777" classname="com.cet.UserAdministratorTest"/>
  <system-out/>
  <testcase name="verifyUserAdministratorFieldEnabled" time="6.017" classname="com.cet.UserAdministratorTest"/>
  <system-out/>
  <testcase name="verifyRestBtnFun" time="40.282" classname="com.cet.UserAdministratorTest"/>
  <system-out/>
  <testcase name="verifyMsIdSearch" time="11.267" classname="com.cet.UserAdministratorTest"/>
  <system-out/>
  <testcase name="verifyFNameSearch" time="10.749" classname="com.cet.UserAdministratorTest"/>
  <system-out/>
  <testcase name="verifyLNameSearch" time="10.333" classname="com.cet.UserAdministratorTest"/>
  <system-out/>
  <testcase name="verifyEmpIdSearch" time="11.440" classname="com.cet.UserAdministratorTest"/>
  <system-out/>
  <testcase name="verifySupervisor" time="7.705" classname="com.cet.UserAdministratorTest"/>
  <system-out/>
  <testcase name="verifyNoDataFoundText" time="9.059" classname="com.cet.UserAdministratorTest"/>
  <system-out/>
  <testcase name="verifyAddUserBtnNavigation" time="8.289" classname="com.cet.UserAdministratorTest"/>
  <system-out/>
  <testcase name="verifyCancelBtnNavigation" time="4.074" classname="com.cet.UserAdministratorTest"/>
  <system-out/>
</testsuite> <!-- com.cet.UserAdministratorTest -->
