<?xml version="1.0" encoding="UTF-8"?>
<!-- Generated by org.testng.reporters.JUnitReportReporter -->
<testsuite skipped="0" hostname="LHTU05CG7401NRT" name="com.cet.utility.DBConnection" tests="1" failures="0" timestamp="2020-09-21T18:56:15 IST" time="2.920" errors="0">
  <testcase name="getViewUser" time="2.920" classname="com.cet.utility.DBConnection"/>
  <system-out/>
</testsuite> <!-- com.cet.utility.DBConnection -->
