<?xml version="1.0" encoding="UTF-8"?>
<!-- Generated by org.testng.reporters.JUnitReportReporter -->
<testsuite skipped="0" hostname="LHTU05CG4472DYW" name="com.cet.phd.PhdUserAdminSearchTest" tests="12" failures="0" timestamp="2020-12-18T16:16:50 IST" time="325.649" errors="0">
  <testcase name="verifyDefaultPage" time="53.043" classname="com.cet.phd.PhdUserAdminSearchTest"/>
  <testcase name="searchByMSID" time="14.194" classname="com.cet.phd.PhdUserAdminSearchTest"/>
  <testcase name="searchByFirstName" time="14.963" classname="com.cet.phd.PhdUserAdminSearchTest"/>
  <testcase name="searchByLastName" time="14.416" classname="com.cet.phd.PhdUserAdminSearchTest"/>
  <testcase name="searchByEmpID" time="15.298" classname="com.cet.phd.PhdUserAdminSearchTest"/>
  <testcase name="searchBySupervisor" time="15.025" classname="com.cet.phd.PhdUserAdminSearchTest"/>
  <testcase name="searchByManager" time="27.316" classname="com.cet.phd.PhdUserAdminSearchTest"/>
  <testcase name="searchByAllFields" time="34.978" classname="com.cet.phd.PhdUserAdminSearchTest"/>
  <testcase name="resetAllFields" time="47.297" classname="com.cet.phd.PhdUserAdminSearchTest"/>
  <testcase name="verifyNoDataFoundText" time="24.252" classname="com.cet.phd.PhdUserAdminSearchTest"/>
  <testcase name="verifyAddUserBtnNavigation" time="57.267" classname="com.cet.phd.PhdUserAdminSearchTest"/>
  <testcase name="verifyCancelBtnNavigation" time="7.600" classname="com.cet.phd.PhdUserAdminSearchTest"/>
</testsuite> <!-- com.cet.phd.PhdUserAdminSearchTest -->
