<?xml version="1.0" encoding="UTF-8"?>
<!-- Generated by org.testng.reporters.JUnitReportReporter -->
<testsuite skipped="22" hostname="LHTU05CG4472DYW" name="com.cet.indts.SearchEditTest" tests="23" failures="0" timestamp="2020-12-16T12:51:15 IST" time="5.549" errors="1">
  <testcase name="getinit" time="5.549" classname="com.cet.indts.SearchEditTest">
    <error type="com.microsoft.sqlserver.jdbc.SQLServerException" message="The index 36 is out of range.">
      <![CDATA[com.microsoft.sqlserver.jdbc.SQLServerException: The index 36 is out of range.
at com.microsoft.sqlserver.jdbc.SQLServerException.makeFromDriverError(SQLServerException.java:234)
at com.microsoft.sqlserver.jdbc.SQLServerResultSet.verifyValidColumnIndex(SQLServerResultSet.java:570)
at com.microsoft.sqlserver.jdbc.SQLServerResultSet.getterGetColumn(SQLServerResultSet.java:2012)
at com.microsoft.sqlserver.jdbc.SQLServerResultSet.getValue(SQLServerResultSet.java:2041)
at com.microsoft.sqlserver.jdbc.SQLServerResultSet.getValue(SQLServerResultSet.java:2027)
at com.microsoft.sqlserver.jdbc.SQLServerResultSet.getString(SQLServerResultSet.java:2489)
at com.cet.utility.indts.WriteExcel.indtstaskEdit(WriteExcel.java:217)
at com.cet.utility.indts.GetDataFromExcel.indtsedit(GetDataFromExcel.java:59)
at com.cet.indts.SearchEditTest.getinit(SearchEditTest.java:25)
at sun.reflect.NativeMethodAccessorImpl.invoke0(Native Method)
at sun.reflect.NativeMethodAccessorImpl.invoke(Unknown Source)
at sun.reflect.DelegatingMethodAccessorImpl.invoke(Unknown Source)
at java.lang.reflect.Method.invoke(Unknown Source)
at org.testng.internal.MethodInvocationHelper.invokeMethod(MethodInvocationHelper.java:133)
at org.testng.internal.MethodInvocationHelper.invokeMethodConsideringTimeout(MethodInvocationHelper.java:62)
at org.testng.internal.ConfigInvoker.invokeConfigurationMethod(ConfigInvoker.java:340)
at org.testng.internal.ConfigInvoker.invokeConfigurations(ConfigInvoker.java:294)
at org.testng.internal.TestMethodWorker.invokeBeforeClassMethods(TestMethodWorker.java:176)
at org.testng.internal.TestMethodWorker.run(TestMethodWorker.java:122)
at java.util.ArrayList.forEach(Unknown Source)
at org.testng.TestRunner.privateRun(TestRunner.java:770)
at org.testng.TestRunner.run(TestRunner.java:591)
at org.testng.SuiteRunner.runTest(SuiteRunner.java:402)
at org.testng.SuiteRunner.runSequentially(SuiteRunner.java:396)
at org.testng.SuiteRunner.privateRun(SuiteRunner.java:355)
at org.testng.SuiteRunner.run(SuiteRunner.java:304)
at org.testng.SuiteRunnerWorker.runSuite(SuiteRunnerWorker.java:53)
at org.testng.SuiteRunnerWorker.run(SuiteRunnerWorker.java:96)
at org.testng.TestNG.runSuitesSequentially(TestNG.java:1180)
at org.testng.TestNG.runSuitesLocally(TestNG.java:1102)
at org.testng.TestNG.runSuites(TestNG.java:1032)
at org.testng.TestNG.run(TestNG.java:1000)
at org.testng.remote.AbstractRemoteTestNG.run(AbstractRemoteTestNG.java:115)
at org.testng.remote.RemoteTestNG.initAndRun(RemoteTestNG.java:251)
at org.testng.remote.RemoteTestNG.main(RemoteTestNG.java:77)
]]>
    </error>
  </testcase> <!-- getinit -->
  <testcase name="verifyvaluephone3" time="0.000" classname="com.cet.indts.SearchEditTest">
    <skipped/>
  </testcase> <!-- verifyvaluephone3 -->
  <testcase name="verifyTitle" time="0.000" classname="com.cet.indts.SearchEditTest">
    <skipped/>
  </testcase> <!-- verifyTitle -->
  <testcase name="verifyPageTitle" time="0.000" classname="com.cet.indts.SearchEditTest">
    <skipped/>
  </testcase> <!-- verifyPageTitle -->
  <testcase name="verifylabelSearch" time="0.000" classname="com.cet.indts.SearchEditTest">
    <skipped/>
  </testcase> <!-- verifylabelSearch -->
  <testcase name="verifyallfieldlabels" time="0.000" classname="com.cet.indts.SearchEditTest">
    <skipped/>
  </testcase> <!-- verifyallfieldlabels -->
  <testcase name="validateallmandatoryfieldsvalue" time="0.000" classname="com.cet.indts.SearchEditTest">
    <skipped/>
  </testcase> <!-- validateallmandatoryfieldsvalue -->
  <testcase name="validatevalueaddress" time="0.000" classname="com.cet.indts.SearchEditTest">
    <skipped/>
  </testcase> <!-- validatevalueaddress -->
  <testcase name="verifyvaluePhone2" time="0.000" classname="com.cet.indts.SearchEditTest">
    <skipped/>
  </testcase> <!-- verifyvaluePhone2 -->
  <testcase name="verifyvalueMBI" time="0.000" classname="com.cet.indts.SearchEditTest">
    <skipped/>
  </testcase> <!-- verifyvalueMBI -->
  <testcase name="verifyvalueMedicaidNum" time="0.000" classname="com.cet.indts.SearchEditTest">
    <skipped/>
  </testcase> <!-- verifyvalueMedicaidNum -->
  <testcase name="verifyProviderNumber" time="0.000" classname="com.cet.indts.SearchEditTest">
    <skipped/>
  </testcase> <!-- verifyProviderNumber -->
  <testcase name="verifyOther" time="0.000" classname="com.cet.indts.SearchEditTest">
    <skipped/>
  </testcase> <!-- verifyOther -->
  <testcase name="verifyTaskHistory" time="0.000" classname="com.cet.indts.SearchEditTest">
    <skipped/>
  </testcase> <!-- verifyTaskHistory -->
  <testcase name="verifyTJobName" time="0.000" classname="com.cet.indts.SearchEditTest">
    <skipped/>
  </testcase> <!-- verifyTJobName -->
  <testcase name="verifyAttemptResult" time="0.000" classname="com.cet.indts.SearchEditTest">
    <skipped/>
  </testcase> <!-- verifyAttemptResult -->
  <testcase name="verifyAttemptDate" time="0.000" classname="com.cet.indts.SearchEditTest">
    <skipped/>
  </testcase> <!-- verifyAttemptDate -->
  <testcase name="verifyAttemptCount" time="0.000" classname="com.cet.indts.SearchEditTest">
    <skipped/>
  </testcase> <!-- verifyAttemptCount -->
  <testcase name="verifyUser" time="0.000" classname="com.cet.indts.SearchEditTest">
    <skipped/>
  </testcase> <!-- verifyUser -->
  <testcase name="verifyTNotes" time="0.000" classname="com.cet.indts.SearchEditTest">
    <skipped/>
  </testcase> <!-- verifyTNotes -->
  <testcase name="verifyTaskDetails" time="0.000" classname="com.cet.indts.SearchEditTest">
    <skipped/>
  </testcase> <!-- verifyTaskDetails -->
  <testcase name="verifyNotes" time="0.000" classname="com.cet.indts.SearchEditTest">
    <skipped/>
  </testcase> <!-- verifyNotes -->
  <testcase name="setDisposition" time="0.000" classname="com.cet.indts.SearchEditTest">
    <skipped/>
  </testcase> <!-- setDisposition -->
</testsuite> <!-- com.cet.indts.SearchEditTest -->
