<?xml version="1.0" encoding="UTF-8"?>
<!-- Generated by org.testng.reporters.JUnitReportReporter -->
<testsuite skipped="0" hostname="LHTU05CG4472DYW" name="com.cet.GRPTSNextAdditionalHouseHold_Test" tests="6" failures="0" timestamp="2020-12-15T20:22:19 IST" time="4.445" errors="0">
  <testcase name="nextAdditionalHouseHoldMembersFirstName_GPRTSTest" time="1.470" classname="com.cet.GRPTSNextAdditionalHouseHold_Test"/>
  <testcase name="nextAdditionalHouseHoldMembersFirstName_GPRTSTest" time="0.989" classname="com.cet.GRPTSNextAdditionalHouseHold_Test"/>
  <testcase name="nextAdditionalHouseHoldMembersFirstName_GPRTSTest" time="0.008" classname="com.cet.GRPTSNextAdditionalHouseHold_Test"/>
  <testcase name="nextAdditionalHouseHoldMembersLastName_GPRTSTest" time="1.008" classname="com.cet.GRPTSNextAdditionalHouseHold_Test"/>
  <testcase name="nextAdditionalHouseHoldMembersLastName_GPRTSTest" time="0.009" classname="com.cet.GRPTSNextAdditionalHouseHold_Test"/>
  <testcase name="nextAdditionalHouseHoldMembersLastName_GPRTSTest" time="0.961" classname="com.cet.GRPTSNextAdditionalHouseHold_Test"/>
</testsuite> <!-- com.cet.GRPTSNextAdditionalHouseHold_Test -->
