<?xml version="1.0" encoding="UTF-8"?>
<!-- Generated by org.testng.reporters.JUnitReportReporter -->
<testsuite skipped="0" hostname="LHTU05CG4472DYW" name="com.cet.retention.RetentionUserAdminSearchTestCases" tests="12" failures="0" timestamp="2020-12-15T14:50:27 IST" time="229.054" errors="0">
  <testcase name="verifyDefaultPage" time="49.196" classname="com.cet.retention.RetentionUserAdminSearchTestCases"/>
  <testcase name="searchByMSID" time="9.039" classname="com.cet.retention.RetentionUserAdminSearchTestCases"/>
  <testcase name="searchByFirstName" time="8.875" classname="com.cet.retention.RetentionUserAdminSearchTestCases"/>
  <testcase name="searchByLastName" time="7.404" classname="com.cet.retention.RetentionUserAdminSearchTestCases"/>
  <testcase name="searchByEmpID" time="9.045" classname="com.cet.retention.RetentionUserAdminSearchTestCases"/>
  <testcase name="searchBySupervisor" time="10.699" classname="com.cet.retention.RetentionUserAdminSearchTestCases"/>
  <testcase name="searchByManager" time="51.609" classname="com.cet.retention.RetentionUserAdminSearchTestCases"/>
  <testcase name="searchByAllFields" time="19.039" classname="com.cet.retention.RetentionUserAdminSearchTestCases"/>
  <testcase name="resetAllFields" time="29.659" classname="com.cet.retention.RetentionUserAdminSearchTestCases"/>
  <testcase name="verifyNoDataFoundText" time="12.520" classname="com.cet.retention.RetentionUserAdminSearchTestCases"/>
  <testcase name="verifyAddUserBtnNavigation" time="8.971" classname="com.cet.retention.RetentionUserAdminSearchTestCases"/>
  <testcase name="verifyCancelBtnNavigation" time="12.998" classname="com.cet.retention.RetentionUserAdminSearchTestCases"/>
</testsuite> <!-- com.cet.retention.RetentionUserAdminSearchTestCases -->
