<?xml version="1.0" encoding="UTF-8"?>
<!-- Generated by org.testng.reporters.JUnitReportReporter -->
<testsuite skipped="1" hostname="LHTU05CG4472DYW" name="com.cet.phd.PhdSearchEdit_Test" tests="28" failures="0" timestamp="2020-12-18T16:16:50 IST" time="79.693" errors="0">
  <testcase name="editButtonEnabled_Test" time="4.305" classname="com.cet.phd.PhdSearchEdit_Test"/>
  <testcase name="agentId_Edit_Test" time="10.814" classname="com.cet.phd.PhdSearchEdit_Test"/>
  <testcase name="agentLastName_Edit_Test" time="2.373" classname="com.cet.phd.PhdSearchEdit_Test"/>
  <testcase name="agentFirstName_Edit_Test" time="1.992" classname="com.cet.phd.PhdSearchEdit_Test"/>
  <testcase name="agentPrimaryPhoneNumber_Edit_Test" time="2.125" classname="com.cet.phd.PhdSearchEdit_Test"/>
  <testcase name="agentSecondaryPhoneNumber_Edit_Test" time="1.958" classname="com.cet.phd.PhdSearchEdit_Test"/>
  <testcase name="agencyName_Edit_Test" time="2.016" classname="com.cet.phd.PhdSearchEdit_Test"/>
  <testcase name="market_Edit_Test" time="2.019" classname="com.cet.phd.PhdSearchEdit_Test"/>
  <testcase name="agentManagerEmail_Edit_Test" time="2.192" classname="com.cet.phd.PhdSearchEdit_Test"/>
  <testcase name="agentManagerFirstName_Edit_Test" time="9.158" classname="com.cet.phd.PhdSearchEdit_Test"/>
  <testcase name="agentManagerLastName_Edit_Test" time="1.966" classname="com.cet.phd.PhdSearchEdit_Test"/>
  <testcase name="agentManagerPhoneNumber_Edit_Test" time="1.985" classname="com.cet.phd.PhdSearchEdit_Test"/>
  <testcase name="agentState_Edit_Test" time="2.245" classname="com.cet.phd.PhdSearchEdit_Test"/>
  <testcase name="language_Edit_Test" time="2.047" classname="com.cet.phd.PhdSearchEdit_Test"/>
  <testcase name="ssrAssigned_Edit_Test" time="2.224" classname="com.cet.phd.PhdSearchEdit_Test"/>
  <testcase name="ssrSupervisor_Edit_Test" time="2.096" classname="com.cet.phd.PhdSearchEdit_Test"/>
  <testcase name="other_Edit_Test" time="2.004" classname="com.cet.phd.PhdSearchEdit_Test"/>
  <testcase name="taskId_Edit_Test" time="2.046" classname="com.cet.phd.PhdSearchEdit_Test"/>
  <testcase name="taskType_Edit_Test" time="2.015" classname="com.cet.phd.PhdSearchEdit_Test"/>
  <testcase name="campaignDescription_Edit_Test" time="1.911" classname="com.cet.phd.PhdSearchEdit_Test"/>
  <testcase name="jobName_Edit_Test" time="2.020" classname="com.cet.phd.PhdSearchEdit_Test"/>
  <testcase name="createdDate_Edit_Test" time="1.941" classname="com.cet.phd.PhdSearchEdit_Test"/>
  <testcase name="taskStatus_Edit_Test" time="2.001" classname="com.cet.phd.PhdSearchEdit_Test"/>
  <testcase name="scheduledDate_Edit_Test" time="1.837" classname="com.cet.phd.PhdSearchEdit_Test"/>
  <testcase name="taskLanguage_Edit_Test" time="1.415" classname="com.cet.phd.PhdSearchEdit_Test"/>
  <testcase name="selectDisposition_Edit_Test" time="4.152" classname="com.cet.phd.PhdSearchEdit_Test"/>
  <testcase name="addNotes_Edit_Test" time="6.836" classname="com.cet.phd.PhdSearchEdit_Test"/>
  <testcase name="saveAndClose_Edit_Test" classname="com.cet.phd.PhdSearchEdit_Test">
    <skipped/>
  </testcase> <!-- saveAndClose_Edit_Test -->
</testsuite> <!-- com.cet.phd.PhdSearchEdit_Test -->
