<?xml version="1.0" encoding="UTF-8"?>
<!-- Generated by org.testng.reporters.JUnitReportReporter -->
<testsuite skipped="0" hostname="LHTU05CG7401NRT" name="com.cet.UserAdminEditUserTest" tests="13" failures="0" timestamp="2020-10-07T16:32:43 IST" time="314.193" errors="0">
  <testcase name="verifyEditUserInfo" time="16.531" classname="com.cet.UserAdminEditUserTest"/>
  <system-out/>
  <testcase name="verifyErrorTextForNoDialingTeam" time="15.569" classname="com.cet.UserAdminEditUserTest"/>
  <system-out/>
  <testcase name="verifyErrorTextForNoDialingMethod" time="7.871" classname="com.cet.UserAdminEditUserTest"/>
  <system-out/>
  <testcase name="verifyErrorTextForNoLanguage" time="11.359" classname="com.cet.UserAdminEditUserTest"/>
  <system-out/>
  <testcase name="verifyRestMsgLanguage" time="12.425" classname="com.cet.UserAdminEditUserTest"/>
  <system-out/>
  <testcase name="verifyResetMsgDialingMethod" time="6.055" classname="com.cet.UserAdminEditUserTest"/>
  <system-out/>
  <testcase name="verifyResetMsgDialingTeam" time="16.087" classname="com.cet.UserAdminEditUserTest"/>
  <system-out/>
  <testcase name="editUncheckAssignWork" time="36.131" classname="com.cet.UserAdminEditUserTest"/>
  <system-out/>
  <testcase name="editcheckAssignWork" time="61.704" classname="com.cet.UserAdminEditUserTest"/>
  <system-out/>
  <testcase name="editSelectInactive" time="38.475" classname="com.cet.UserAdminEditUserTest"/>
  <system-out/>
  <testcase name="editSelectActive" time="37.039" classname="com.cet.UserAdminEditUserTest"/>
  <system-out/>
  <testcase name="editSelectLanguage" time="48.591" classname="com.cet.UserAdminEditUserTest"/>
  <system-out/>
  <testcase name="verifyEditCancelBtnNavigation" time="6.356" classname="com.cet.UserAdminEditUserTest"/>
  <system-out/>
</testsuite> <!-- com.cet.UserAdminEditUserTest -->
