<?xml version="1.0" encoding="UTF-8"?>
<!-- Generated by org.testng.reporters.JUnitReportReporter -->
<testsuite skipped="0" hostname="LHTU05CG4472DYW" name="com.cet.retention.RetentionHomeSkillAssignedTestCases" tests="6" failures="0" timestamp="2020-12-15T13:46:56 IST" time="35.926" errors="0">
  <testcase name="englishSkillCount_Test" time="6.270" classname="com.cet.retention.RetentionHomeSkillAssignedTestCases"/>
  <testcase name="koreanSkillCount_Test" time="5.633" classname="com.cet.retention.RetentionHomeSkillAssignedTestCases"/>
  <testcase name="cantoneseSkillCount_Test" time="5.915" classname="com.cet.retention.RetentionHomeSkillAssignedTestCases"/>
  <testcase name="frenchSkillCount_Test" time="6.191" classname="com.cet.retention.RetentionHomeSkillAssignedTestCases"/>
  <testcase name="vietnameseSkillCount_Test" time="6.284" classname="com.cet.retention.RetentionHomeSkillAssignedTestCases"/>
  <testcase name="spanishSkillCount_Test" time="5.633" classname="com.cet.retention.RetentionHomeSkillAssignedTestCases"/>
</testsuite> <!-- com.cet.retention.RetentionHomeSkillAssignedTestCases -->
