<?xml version="1.0" encoding="UTF-8"?>
<!-- Generated by org.testng.reporters.JUnitReportReporter -->
<testsuite skipped="0" hostname="LHTU05CG4472DYW" name="com.cet.GRPTSAdditionalHouseHold_Test" tests="9" failures="0" timestamp="2020-12-15T20:22:19 IST" time="9.063" errors="0">
  <testcase name="additionalHouseHoldMembersCount_GPRTSTest" time="1.322" classname="com.cet.GRPTSAdditionalHouseHold_Test"/>
  <testcase name="additionalHouseHoldMembersCount_GPRTSTest" time="0.009" classname="com.cet.GRPTSAdditionalHouseHold_Test"/>
  <testcase name="additionalHouseHoldMembersCount_GPRTSTest" time="0.006" classname="com.cet.GRPTSAdditionalHouseHold_Test"/>
  <testcase name="additionalHouseHoldMembersFirstName_GPRTSTest" time="1.197" classname="com.cet.GRPTSAdditionalHouseHold_Test"/>
  <testcase name="additionalHouseHoldMembersFirstName_GPRTSTest" time="1.433" classname="com.cet.GRPTSAdditionalHouseHold_Test"/>
  <testcase name="additionalHouseHoldMembersFirstName_GPRTSTest" time="1.346" classname="com.cet.GRPTSAdditionalHouseHold_Test"/>
  <testcase name="additionalHouseHoldMembersLasttName_GPRTSTest" time="1.268" classname="com.cet.GRPTSAdditionalHouseHold_Test"/>
  <testcase name="additionalHouseHoldMembersLasttName_GPRTSTest" time="1.236" classname="com.cet.GRPTSAdditionalHouseHold_Test"/>
  <testcase name="additionalHouseHoldMembersLasttName_GPRTSTest" time="1.246" classname="com.cet.GRPTSAdditionalHouseHold_Test"/>
</testsuite> <!-- com.cet.GRPTSAdditionalHouseHold_Test -->
