<?xml version="1.0" encoding="UTF-8"?>
<!-- Generated by org.testng.reporters.JUnitReportReporter -->
<testsuite skipped="0" hostname="LHTU05CG4472DYW" name="com.cet.retention.RetentionHome" tests="30" failures="0" timestamp="2020-12-15T13:46:56 IST" time="66.038" errors="0">
  <testcase name="nextScheduledTableHeader_Test" time="37.163" classname="com.cet.retention.RetentionHome"/>
  <testcase name="nextScheduledTableHeader_Test" time="1.887" classname="com.cet.retention.RetentionHome"/>
  <testcase name="nextScheduledTableHeader_Test" time="0.854" classname="com.cet.retention.RetentionHome"/>
  <testcase name="nextScheduledTableHeader_Test" time="0.844" classname="com.cet.retention.RetentionHome"/>
  <testcase name="nextScheduledTableHeader_Test" time="0.842" classname="com.cet.retention.RetentionHome"/>
  <testcase name="homeJobName_Test" time="1.081" classname="com.cet.retention.RetentionHome"/>
  <testcase name="homeJobName_Test" time="0.963" classname="com.cet.retention.RetentionHome"/>
  <testcase name="homeJobName_Test" time="1.122" classname="com.cet.retention.RetentionHome"/>
  <testcase name="homeJobName_Test" time="0.950" classname="com.cet.retention.RetentionHome"/>
  <testcase name="homeJobName_Test" time="0.935" classname="com.cet.retention.RetentionHome"/>
  <testcase name="homeTaskType_Test" time="1.034" classname="com.cet.retention.RetentionHome"/>
  <testcase name="homeTaskType_Test" time="0.949" classname="com.cet.retention.RetentionHome"/>
  <testcase name="homeTaskType_Test" time="0.962" classname="com.cet.retention.RetentionHome"/>
  <testcase name="homeTaskType_Test" time="0.916" classname="com.cet.retention.RetentionHome"/>
  <testcase name="homeTaskType_Test" time="0.952" classname="com.cet.retention.RetentionHome"/>
  <testcase name="homeScheduledDate_Test" time="1.058" classname="com.cet.retention.RetentionHome"/>
  <testcase name="homeScheduledDate_Test" time="0.985" classname="com.cet.retention.RetentionHome"/>
  <testcase name="homeScheduledDate_Test" time="0.938" classname="com.cet.retention.RetentionHome"/>
  <testcase name="homeScheduledDate_Test" time="0.938" classname="com.cet.retention.RetentionHome"/>
  <testcase name="homeScheduledDate_Test" time="0.902" classname="com.cet.retention.RetentionHome"/>
  <testcase name="homeLastAttemptDate_Test" time="0.909" classname="com.cet.retention.RetentionHome"/>
  <testcase name="homeLastAttemptDate_Test" time="0.912" classname="com.cet.retention.RetentionHome"/>
  <testcase name="homeLastAttemptDate_Test" time="0.951" classname="com.cet.retention.RetentionHome"/>
  <testcase name="homeLastAttemptDate_Test" time="0.909" classname="com.cet.retention.RetentionHome"/>
  <testcase name="homeLastAttemptDate_Test" time="1.115" classname="com.cet.retention.RetentionHome"/>
  <testcase name="homeAttemptCount_Test" time="0.931" classname="com.cet.retention.RetentionHome"/>
  <testcase name="homeAttemptCount_Test" time="0.934" classname="com.cet.retention.RetentionHome"/>
  <testcase name="homeAttemptCount_Test" time="1.029" classname="com.cet.retention.RetentionHome"/>
  <testcase name="homeAttemptCount_Test" time="0.967" classname="com.cet.retention.RetentionHome"/>
  <testcase name="homeAttemptCount_Test" time="1.106" classname="com.cet.retention.RetentionHome"/>
</testsuite> <!-- com.cet.retention.RetentionHome -->
