<?xml version="1.0" encoding="UTF-8"?>
<!-- Generated by org.testng.reporters.JUnitReportReporter -->
<testsuite skipped="0" hostname="LHTU05CG4472DYW" name="com.cet.phd.PhdAssignmet_Test" tests="12" failures="0" timestamp="2020-12-18T16:16:50 IST" time="287.475" errors="0">
  <testcase name="taskIDSearch_Assignment_PHD_Test" time="27.544" classname="com.cet.phd.PhdAssignmet_Test"/>
  <testcase name="actionButtonEnabled_Assignment_PHD_Test" time="0.880" classname="com.cet.phd.PhdAssignmet_Test"/>
  <testcase name="actionButtonDefaultNotSelected_Assignment_PHD_Test" time="0.849" classname="com.cet.phd.PhdAssignmet_Test"/>
  <testcase name="campaignFocusSearch_Assignment_PHD_Test" time="32.903" classname="com.cet.phd.PhdAssignmet_Test"/>
  <testcase name="taskStatusSearch_Assignment_PHD_Test" time="40.301" classname="com.cet.phd.PhdAssignmet_Test"/>
  <testcase name="jobNameSearch_Assignment_PHD_Test" time="31.926" classname="com.cet.phd.PhdAssignmet_Test"/>
  <testcase name="fullSearch_Assignment_PHD_Test" time="41.950" classname="com.cet.phd.PhdAssignmet_Test"/>
  <testcase name="assignButtonEnabled_Assignment_PHD_Test" time="2.684" classname="com.cet.phd.PhdAssignmet_Test"/>
  <testcase name="loggedInUser_Assignment_PHD_Test" time="8.352" classname="com.cet.phd.PhdAssignmet_Test"/>
  <testcase name="alertVerify_Assignment_PHD_Test" time="46.781" classname="com.cet.phd.PhdAssignmet_Test"/>
  <testcase name="db_Assignmet_PHD_Test" time="34.161" classname="com.cet.phd.PhdAssignmet_Test"/>
  <testcase name="invalidSearch_Assignment_PHD_Test" time="19.144" classname="com.cet.phd.PhdAssignmet_Test"/>
</testsuite> <!-- com.cet.phd.PhdAssignmet_Test -->
