<?xml version="1.0" encoding="UTF-8"?>
<!-- Generated by org.testng.reporters.JUnitReportReporter -->
<testsuite skipped="0" hostname="LHTU05CG7401NRT" name="com.cet.utility.GetDataFromExcel" tests="1" failures="0" timestamp="2020-09-23T16:43:06 IST" time="7.408" errors="0">
  <testcase name="getdata" time="7.408" classname="com.cet.utility.GetDataFromExcel"/>
  <system-out/>
</testsuite> <!-- com.cet.utility.GetDataFromExcel -->
